  BVH.cpp
\\mac\home\documents\cs3242\cs3242 assignment 1\bvh.cpp(127): warning C4244: '=': conversion from 'double' to 'float', possible loss of data
\\mac\home\documents\cs3242\cs3242 assignment 1\bvh.cpp(128): warning C4244: '=': conversion from 'double' to 'float', possible loss of data
\\mac\home\documents\cs3242\cs3242 assignment 1\bvh.cpp(129): warning C4244: '=': conversion from 'double' to 'float', possible loss of data
\\mac\home\documents\cs3242\cs3242 assignment 1\bvh.cpp(177): warning C4244: '=': conversion from 'double' to 'float', possible loss of data
\\mac\home\documents\cs3242\cs3242 assignment 1\bvh.cpp(190): warning C4244: '=': conversion from 'double' to 'float', possible loss of data
  BVHAnimator.cpp
\\mac\home\documents\cs3242\cs3242 assignment 1\bvhanimator.cpp(109): warning C4244: 'argument': conversion from 'GLdouble' to 'GLint', possible loss of data
\\mac\home\documents\cs3242\cs3242 assignment 1\bvhanimator.cpp(149): warning C4305: 'initializing': truncation from 'double' to 'float'
\\mac\home\documents\cs3242\cs3242 assignment 1\bvhanimator.cpp(253): warning C4305: 'argument': truncation from 'double' to 'float'
\\mac\home\documents\cs3242\cs3242 assignment 1\bvhanimator.cpp(258): warning C4305: 'argument': truncation from 'double' to 'float'
\\mac\home\documents\cs3242\cs3242 assignment 1\bvhanimator.cpp(274): warning C4305: 'argument': truncation from 'double' to 'float'
\\mac\home\documents\cs3242\cs3242 assignment 1\bvhanimator.cpp(279): warning C4305: 'argument': truncation from 'double' to 'float'
\\mac\home\documents\cs3242\cs3242 assignment 1\bvhanimator.cpp(306): warning C4305: 'argument': truncation from 'double' to 'float'
\\mac\home\documents\cs3242\cs3242 assignment 1\bvhanimator.cpp(310): warning C4305: 'argument': truncation from 'double' to 'float'
\\mac\home\documents\cs3242\cs3242 assignment 1\bvhanimator.cpp(333): warning C4305: 'argument': truncation from 'double' to 'float'
\\mac\home\documents\cs3242\cs3242 assignment 1\bvhanimator.cpp(336): warning C4305: 'argument': truncation from 'double' to 'float'
  BVHPlayer.cpp
\\mac\home\documents\cs3242\cs3242 assignment 1\bvhplayer.cpp(49): warning C4305: 'initializing': truncation from 'double' to 'float'
\\mac\home\documents\cs3242\cs3242 assignment 1\bvhplayer.cpp(89): warning C4244: 'argument': conversion from 'int' to 'float', possible loss of data
\\mac\home\documents\cs3242\cs3242 assignment 1\bvhplayer.cpp(131): warning C4305: 'argument': truncation from 'double' to 'GLfloat'
\\mac\home\documents\cs3242\cs3242 assignment 1\bvhplayer.cpp(213): warning C4244: '-=': conversion from 'double' to 'float', possible loss of data
\\mac\home\documents\cs3242\cs3242 assignment 1\bvhplayer.cpp(219): warning C4244: '-=': conversion from 'double' to 'float', possible loss of data
\\mac\home\documents\cs3242\cs3242 assignment 1\bvhplayer.cpp(227): warning C4244: '+=': conversion from 'double' to 'float', possible loss of data
\\mac\home\documents\cs3242\cs3242 assignment 1\bvhplayer.cpp(316): warning C4305: '-=': truncation from 'double' to 'float'
\\mac\home\documents\cs3242\cs3242 assignment 1\bvhplayer.cpp(319): warning C4305: '+=': truncation from 'double' to 'float'
\\mac\home\documents\cs3242\cs3242 assignment 1\bvhplayer.cpp(322): warning C4305: '+=': truncation from 'double' to 'float'
\\mac\home\documents\cs3242\cs3242 assignment 1\bvhplayer.cpp(325): warning C4305: '-=': truncation from 'double' to 'float'
\\mac\home\documents\cs3242\cs3242 assignment 1\bvhplayer.cpp(328): warning C4305: '-=': truncation from 'double' to 'float'
\\mac\home\documents\cs3242\cs3242 assignment 1\bvhplayer.cpp(331): warning C4305: '+=': truncation from 'double' to 'float'
\\mac\home\documents\cs3242\cs3242 assignment 1\bvhplayer.cpp(381): warning C4305: 'initializing': truncation from 'double' to 'float'
\\mac\home\documents\cs3242\cs3242 assignment 1\bvhplayer.cpp(383): warning C4305: 'initializing': truncation from 'double' to 'float'
\\mac\home\documents\cs3242\cs3242 assignment 1\bvhplayer.cpp(400): warning C4305: 'argument': truncation from 'double' to 'GLclampf'
  Generating Code...
  IKFK.vcxproj -> \\Mac\Home\Documents\CS3242\CS3242 Assignment 1\Debug\IKFK.exe
